17:16:32 **** Incremental Build of configuration Nios II for project proj ****
make all 
Info: Building ../proj_bsp/
C:/intelFPGA_lite/18.1/nios2eds/bin/gnu/H-x86_64-mingw32/bin/make --no-print-directory -C ../proj_bsp/
[BSP build complete]
Info: Compiling hello_world_small.c to obj/default/hello_world_small.o
nios2-elf-gcc -xc -MP -MMD -c -I../proj_bsp//HAL/inc -I../proj_bsp/ -I../proj_bsp//drivers/inc  -pipe -D__hal__ -DALT_NO_C_PLUS_PLUS -DALT_NO_CLEAN_EXIT -D'exit(a)=_exit(a)' -DALT_NO_EXIT -DALT_USE_DIRECT_DRIVERS -DALT_NO_INSTRUCTION_EMULATION -DALT_USE_SMALL_DRIVERS -DSMALL_C_LIB -DALT_SINGLE_THREADED    -Os -g -Wall   -mno-hw-div -mno-hw-mul -mno-hw-mulx -mgpopt=global  -o obj/default/hello_world_small.o hello_world_small.c
hello_world_small.c: In function 'main':
hello_world_small.c:8:1: warning: implicit declaration of function 'alt_printf' [-Wimplicit-function-declaration]
 alt_printf ("Error: could not open character LCD device\n");
 ^
Info: Linking proj.elf
nios2-elf-g++  -T'../proj_bsp//linker.x' -msys-crt0='../proj_bsp//obj/HAL/src/crt0.o' -msys-lib=hal_bsp -L../proj_bsp/  -msmallc  -Wl,-Map=proj.map   -Os -g -Wall   -mno-hw-div -mno-hw-mul -mno-hw-mulx -mgpopt=global  -o proj.elf obj/default/hello_world_small.o -lm -msys-lib=m
nios2-elf-insert proj.elf --thread_model hal --cpu_name nios2_gen2_0 --qsys true --simulation_enabled false --stderr_dev jtag --stdin_dev jtag --stdout_dev jtag --sopc_system_name IOT --quartus_project_dir "C:/Problema_2_VF" --jdi ../..//output_files/IOT.jdi --sopcinfo C:/Problema_2_VF/software/proj_bsp/../../IOT.sopcinfo
Info: (proj.elf) 2196 Bytes program size (code + initialized data).
Info:            5832 Bytes free for stack + heap.
Info: Creating proj.objdump
nios2-elf-objdump --disassemble --syms --all-header --source proj.elf >proj.objdump
[proj build complete]

17:16:36 Build Finished (took 3s.498ms)

